
> taxiapp@0.0.0 start /home/bigdata/public_html/annxApp/annxAppServer
> node ./bin/www

[0mGET /images/profile_pic/1465554467 [32m200 [0m64.819 ms - 109[0m
[0mGET /images/profile_pic/1465554467 [32m200 [0m1378.193 ms - 109[0m
[0mGET / [32m200 [0m2.220 ms - 34007[0m
[0mGET /javascripts/angular.min.js [36m304 [0m0.835 ms - -[0m
[0mGET /javascripts/angular-route.min.js [36m304 [0m0.487 ms - -[0m
[0mGET /javascripts/angular-cookies.min.js [36m304 [0m1.604 ms - -[0m
[0mGET /javascripts/ngStorage.min.js [36m304 [0m1.085 ms - -[0m
[0mGET /javascripts/angular-ckeditor.js [36m304 [0m0.379 ms - -[0m
[0mGET /javascripts/constants.js [36m304 [0m1.863 ms - -[0m
[0mGET /javascripts/ng-table.min.js [36m304 [0m0.829 ms - -[0m
[0mGET /javascripts/SweetAlert.min.js [36m304 [0m0.547 ms - -[0m
[0mGET /javascripts/angular-resource.min.js [36m304 [0m0.534 ms - -[0m
[0mGET /javascripts/ui-grid.min.js [36m304 [0m0.488 ms - -[0m
[0mGET /javascripts/satellizer.min.js [36m304 [0m0.917 ms - -[0m
[0mGET /javascripts/plugins/datatables/jquery.dataTables.js [36m304 [0m0.458 ms - -[0m
[0mGET /javascripts/plugins/datatables/dataTables.bootstrap.js [36m304 [0m0.464 ms - -[0m
[0mGET /javascripts/app.js [36m304 [0m0.636 ms - -[0m
[0mGET /modules/authentication/controller.js [36m304 [0m2.265 ms - -[0m
[0mGET /modules/authentication/service.js [36m304 [0m2.097 ms - -[0m
[0mGET /modules/home/controller.js [36m304 [0m0.787 ms - -[0m
[0mGET /modules/cms/controller.js [36m304 [0m0.544 ms - -[0m
[0mGET /modules/cms/service.js [36m304 [0m3.761 ms - -[0m
[0mGET /modules/users/controller.js [36m304 [0m0.414 ms - -[0m
[0mGET /modules/roles/controller.js [36m304 [0m0.511 ms - -[0m
[0mGET /modules/users/service.js [36m304 [0m0.518 ms - -[0m
[0mGET /modules/roles/service.js [36m304 [0m0.366 ms - -[0m
[0mGET /modules/permissions/controller.js [36m304 [0m0.375 ms - -[0m
[0mGET /modules/permissions/service.js [36m304 [0m0.423 ms - -[0m
[0mGET /javascripts/communication.js [36m304 [0m0.363 ms - -[0m
[0mGET /javascripts/ui-bootstrap-tpls-1.3.3.min.js [36m304 [0m0.531 ms - -[0m
[0mGET /stylesheets/morris/morris.css [36m304 [0m0.639 ms - -[0m
[0mGET /stylesheets/jvectormap/jquery-jvectormap-1.2.2.css [36m304 [0m0.433 ms - -[0m
[0mGET /stylesheets/datepicker/datepicker3.css [36m304 [0m0.805 ms - -[0m
[0mGET /stylesheets/ng-table.min.css [36m304 [0m0.887 ms - -[0m
[0mGET /stylesheets/daterangepicker/daterangepicker-bs3.css [36m304 [0m0.394 ms - -[0m
[0mGET /stylesheets/bootstrap-wysihtml5/bootstrap3-wysihtml5.min.css [36m304 [0m0.354 ms - -[0m
[0mGET /stylesheets/datatables/dataTables.bootstrap.css [36m304 [0m0.390 ms - -[0m
[0mGET /stylesheets/AdminLTE.css [36m304 [0m0.389 ms - -[0m
[0mGET /stylesheets/sweetalert.css [36m304 [0m0.349 ms - -[0m
[0mGET /stylesheets/hover.css [36m304 [0m0.360 ms - -[0m
[0mGET /stylesheets/ui-grid.min.css [36m304 [0m0.493 ms - -[0m
[0mGET /javascripts/plugins/morris/morris.min.js [36m304 [0m0.654 ms - -[0m
[0mGET /javascripts/plugins/sparkline/jquery.sparkline.min.js [36m304 [0m0.383 ms - -[0m
[0mGET /javascripts/plugins/jvectormap/jquery-jvectormap-1.2.2.min.js [36m304 [0m0.770 ms - -[0m
[0mGET /javascripts/plugins/jvectormap/jquery-jvectormap-world-mill-en.js [36m304 [0m0.402 ms - -[0m
[0mGET /javascripts/plugins/daterangepicker/daterangepicker.js [36m304 [0m0.378 ms - -[0m
[0mGET /javascripts/plugins/jqueryKnob/jquery.knob.js [36m304 [0m0.393 ms - -[0m
[0mGET /javascripts/plugins/datepicker/bootstrap-datepicker.js [36m304 [0m0.443 ms - -[0m
[0mGET /javascripts/plugins/bootstrap-wysihtml5/bootstrap3-wysihtml5.all.min.js [36m304 [0m1.274 ms - -[0m
[0mGET /javascripts/plugins/iCheck/icheck.min.js [36m304 [0m1.210 ms - -[0m
[0mGET /javascripts/AdminLTE/app.js [36m304 [0m0.428 ms - -[0m
[0mGET /javascripts/angular.min.js.map [33m404 [0m2.563 ms - 43[0m
[0mGET /javascripts/angular-route.min.js.map [33m404 [0m0.757 ms - 49[0m
[0mGET /javascripts/angular-cookies.min.js.map [33m404 [0m0.673 ms - 51[0m
[0mGET /javascripts/ng-table.min.js.map [33m404 [0m0.948 ms - 44[0m
[0mGET /javascripts/angular-resource.min.js.map [33m404 [0m0.834 ms - 52[0m
[0mGET /images/avatar2.png [36m304 [0m1.404 ms - -[0m
[0mGET /images/avatar.png [36m304 [0m1.654 ms - -[0m
[0mGET /images/avatar3.png [36m304 [0m0.346 ms - -[0m
[0mGET /modules/users/views/offers.html [32m200 [0m0.573 ms - 5364[0m
